Traceback (most recent call last):
  File "C:\Users\Kein Jake\AppData\Local\Programs\Python\Python311\Lib\site-packages\jupyter_cache\executors\utils.py", line 58, in single_nb_execution
    executenb(
  File "C:\Users\Kein Jake\AppData\Local\Programs\Python\Python311\Lib\site-packages\nbclient\client.py", line 1265, in execute
    return NotebookClient(nb=nb, resources=resources, km=km, **kwargs).execute()
           ^^^^^^^^^^^^^^^^^^^^^^^^^^^^^^^^^^^^^^^^^^^^^^^^^^^^^^^^^^^^^^^^^^^^^
  File "C:\Users\Kein Jake\AppData\Local\Programs\Python\Python311\Lib\site-packages\jupyter_core\utils\__init__.py", line 168, in wrapped
    return loop.run_until_complete(inner)
           ^^^^^^^^^^^^^^^^^^^^^^^^^^^^^^
  File "C:\Users\Kein Jake\AppData\Local\Programs\Python\Python311\Lib\asyncio\base_events.py", line 653, in run_until_complete
    return future.result()
           ^^^^^^^^^^^^^^^
  File "C:\Users\Kein Jake\AppData\Local\Programs\Python\Python311\Lib\contextlib.py", line 222, in __aexit__
    await self.gen.athrow(typ, value, traceback)
  File "C:\Users\Kein Jake\AppData\Local\Programs\Python\Python311\Lib\site-packages\nbclient\client.py", line 648, in async_setup_kernel
    yield
  File "C:\Users\Kein Jake\AppData\Local\Programs\Python\Python311\Lib\site-packages\nbclient\client.py", line 703, in async_execute
    await self.async_execute_cell(
  File "C:\Users\Kein Jake\AppData\Local\Programs\Python\Python311\Lib\site-packages\nbclient\client.py", line 1021, in async_execute_cell
    await self._check_raise_for_error(cell, cell_index, exec_reply)
  File "C:\Users\Kein Jake\AppData\Local\Programs\Python\Python311\Lib\site-packages\nbclient\client.py", line 915, in _check_raise_for_error
    raise CellExecutionError.from_cell_and_msg(cell, exec_reply_content)
nbclient.exceptions.CellExecutionError: An error occurred while executing the following cell:
------------------
# Forward pass

# Hidden layer computation
Z_hidden = np.dot(x, W_hidden) + b_hidden   # weighted sum
H = relu(Z_hidden)                         # apply ReLU

# Output layer computation
Z_output = np.dot(H, W_output) + b_output
y_hat = relu(Z_output)
------------------

[1;31m---------------------------------------------------------------------------[0m
[1;31mNameError[0m                                 Traceback (most recent call last)
Cell [1;32mIn[6], line 4[0m
[0;32m      1[0m [38;5;66;03m# Forward pass[39;00m
[0;32m      2[0m 
[0;32m      3[0m [38;5;66;03m# Hidden layer computation[39;00m
[1;32m----> 4[0m Z_hidden [38;5;241m=[39m np[38;5;241m.[39mdot([43mx[49m, W_hidden) [38;5;241m+[39m b_hidden   [38;5;66;03m# weighted sum[39;00m
[0;32m      5[0m H [38;5;241m=[39m relu(Z_hidden)                         [38;5;66;03m# apply ReLU[39;00m
[0;32m      7[0m [38;5;66;03m# Output layer computation[39;00m

[1;31mNameError[0m: name 'x' is not defined
NameError: name 'x' is not defined

